0 info it worked if it ends with ok
1 verbose cli [ 'c:\\Program Files\\nodejs\\node.exe',
1 verbose cli   'c:\\Program Files\\nodejs\\node_modules\\npm\\bin\\npm-cli.js',
1 verbose cli   'install',
1 verbose cli   'fs',
1 verbose cli   '--save' ]
2 info using npm@1.3.8
3 info using node@v0.10.16
4 warn package.json gifbin@0.0.0 No description
5 warn package.json gifbin@0.0.0 No README data
6 verbose readDependencies using package.json deps
7 verbose cache add [ 'fs', null ]
8 verbose cache add name=undefined spec="fs" args=["fs",null]
9 verbose parsed url { protocol: null,
9 verbose parsed url   slashes: null,
9 verbose parsed url   auth: null,
9 verbose parsed url   host: null,
9 verbose parsed url   port: null,
9 verbose parsed url   hostname: null,
9 verbose parsed url   hash: null,
9 verbose parsed url   search: null,
9 verbose parsed url   query: null,
9 verbose parsed url   pathname: 'fs',
9 verbose parsed url   path: 'fs',
9 verbose parsed url   href: 'fs' }
10 silly lockFile 3f4bb586-fs fs
11 verbose lock fs C:\Users\Scott\AppData\Roaming\npm-cache\3f4bb586-fs.lock
12 silly lockFile 3f4bb586-fs fs
13 silly lockFile 3f4bb586-fs fs
14 verbose addNamed [ 'fs', '' ]
15 verbose addNamed [ null, '*' ]
16 silly lockFile a107b96b-fs fs@
17 verbose lock fs@ C:\Users\Scott\AppData\Roaming\npm-cache\a107b96b-fs.lock
18 silly addNameRange { name: 'fs', range: '*', hasData: false }
19 verbose url raw fs
20 verbose url resolving [ 'https://registry.npmjs.org/', './fs' ]
21 verbose url resolved https://registry.npmjs.org/fs
22 info trying registry request attempt 1 at 15:51:50
23 http GET https://registry.npmjs.org/fs
24 http 404 https://registry.npmjs.org/fs
25 silly registry.get cb [ 404,
25 silly registry.get   { date: 'Sun, 02 Feb 2014 20:52:05 GMT',
25 silly registry.get     server: 'CouchDB/1.5.0 (Erlang OTP/R16B)',
25 silly registry.get     'content-type': 'application/json',
25 silly registry.get     'accept-ranges': 'bytes',
25 silly registry.get     via: '1.1 varnish',
25 silly registry.get     age: '0',
25 silly registry.get     'cache-control': 'max-age=0',
25 silly registry.get     'content-length': '52',
25 silly registry.get     'x-served-by': 'cache-v42-ASH, cache-d96-DAL',
25 silly registry.get     'x-cache': 'MISS, MISS',
25 silly registry.get     'x-cache-hits': '0, 0',
25 silly registry.get     'x-timer': 'S1391374325.883191109,VS0,VS18,VE45,VE60',
25 silly registry.get     'keep-alive': 'timeout=10, max=50',
25 silly registry.get     connection: 'Keep-Alive' } ]
26 silly lockFile a107b96b-fs fs@
27 silly lockFile a107b96b-fs fs@
28 error 404 'fs' is not in the npm registry.
28 error 404 You should bug the author to publish it
28 error 404
28 error 404 Note that you can also install from a
28 error 404 tarball, folder, or http url, or git url.
29 error System Windows_NT 6.1.7601
30 error command "c:\\Program Files\\nodejs\\node.exe" "c:\\Program Files\\nodejs\\node_modules\\npm\\bin\\npm-cli.js" "install" "fs" "--save"
31 error cwd c:\Dropbox\root\Programming\Javascript\gifbin
32 error node -v v0.10.16
33 error npm -v 1.3.8
34 error code E404
35 verbose exit [ 1, true ]
